{"level":"info","message":"Server running at http://localhost:10000","timestamp":"2013-02-27T07:54:53.334Z"}
{"level":"info","message":"Server running at http://localhost:10000","timestamp":"2013-02-27T07:55:08.270Z"}
{"meta":"/","level":"info","message":" <-- ","timestamp":"2013-02-27T07:55:16.663Z"}
{"meta":"/scripts/require.js","level":"info","message":" <-- ","timestamp":"2013-02-27T07:55:16.683Z"}
{"meta":"/favicon.ico","level":"info","message":" <-- ","timestamp":"2013-02-27T07:55:16.750Z"}
{"meta":"/portal/app.js","level":"info","message":" <-- ","timestamp":"2013-02-27T07:55:16.788Z"}
{"meta":"/shared/requirejs/config.js","level":"info","message":" <-- ","timestamp":"2013-02-27T07:55:16.794Z"}
{"meta":"/shared/helpers/extensions.js","level":"info","message":" <-- ","timestamp":"2013-02-27T07:55:16.799Z"}
{"meta":"/scripts/jquery-1.9.1.min.js","level":"info","message":" <-- ","timestamp":"2013-02-27T07:55:16.803Z"}
{"meta":"/scripts/underscore.min.js","level":"info","message":" <-- ","timestamp":"2013-02-27T07:55:16.804Z"}
{"meta":"/scripts/angular.min.js","level":"info","message":" <-- ","timestamp":"2013-02-27T07:55:16.807Z"}
{"meta":"/portal/app.factory.js","level":"info","message":" <-- ","timestamp":"2013-02-27T07:55:16.889Z"}
{"meta":"/core/directives/layout.js","level":"info","message":" <-- ","timestamp":"2013-02-27T07:55:16.894Z"}
{"meta":"/core/directives/requireCss.js","level":"info","message":" <-- ","timestamp":"2013-02-27T07:55:16.895Z"}
{"meta":"/core/directives/placeholder.js","level":"info","message":" <-- ","timestamp":"2013-02-27T07:55:16.896Z"}
{"meta":"/core/services/coreService.js","level":"info","message":" <-- ","timestamp":"2013-02-27T07:55:16.896Z"}
{"meta":"/portal/controllers/AppController.js","level":"info","message":" <-- ","timestamp":"2013-02-27T07:55:16.898Z"}
{"meta":"/portal/widgets/navigation/directive.js","level":"info","message":" <-- ","timestamp":"2013-02-27T07:55:16.899Z"}
{"meta":"/portal/widgets/text/directive.js","level":"info","message":" <-- ","timestamp":"2013-02-27T07:55:16.904Z"}
{"meta":"/admin/widgets/editorPane/directive.js","level":"info","message":" <-- ","timestamp":"2013-02-27T07:55:16.909Z"}
{"meta":"/shared/requirejs/plugins/module.js","level":"info","message":" <-- ","timestamp":"2013-02-27T07:55:16.946Z"}
{"meta":"/admin/widgets/editorPane/template.html","level":"info","message":" <-- ","timestamp":"2013-02-27T07:55:16.971Z"}
{"meta":"/content/less/bootstrap.less","level":"info","message":" <-- ","timestamp":"2013-02-27T07:55:16.986Z"}
{"meta":"/content/styles/main.less","level":"info","message":" <-- ","timestamp":"2013-02-27T07:55:17.001Z"}
{"meta":"/$page/","level":"info","message":" <-- ","timestamp":"2013-02-27T07:55:17.001Z"}
{"meta":"/$layout/MainLayout","level":"info","message":" <-- ","timestamp":"2013-02-27T07:55:17.234Z"}
{"meta":"/content/less/images/glyphicons-halflings.png","level":"info","message":" <-- ","timestamp":"2013-02-27T07:55:17.507Z"}
{"meta":"/content/styles/main.layout.less","level":"info","message":" <-- ","timestamp":"2013-02-27T07:55:17.511Z"}
{"meta":"/portal/widgets/navigation/template.html","level":"info","message":" <-- ","timestamp":"2013-02-27T07:55:17.536Z"}
{"meta":"/portal/widgets/text/template.html","level":"info","message":" <-- ","timestamp":"2013-02-27T07:55:17.558Z"}
{"meta":"/$menu","level":"info","message":" <-- ","timestamp":"2013-02-27T07:55:17.587Z"}
{"level":"info","message":"Server running at http://localhost:10000","timestamp":"2013-02-27T07:57:32.223Z"}
{"level":"info","message":"Server running at http://localhost:10000","timestamp":"2013-02-27T07:57:35.393Z"}
{"level":"info","message":"Server running at http://localhost:10000","timestamp":"2013-02-27T07:57:55.022Z"}
{"level":"info","message":"Server running at http://localhost:10000","timestamp":"2013-02-27T07:58:20.865Z"}
{"level":"info","message":"Server running at http://localhost:10000","timestamp":"2013-02-27T07:58:34.555Z"}
{"meta":"/","level":"debug","message":" <-- ","timestamp":"2013-02-27T07:59:16.320Z"}
{"meta":"/scripts/require.js","level":"debug","message":" <-- ","timestamp":"2013-02-27T07:59:16.345Z"}
{"meta":"/portal/app.js","level":"debug","message":" <-- ","timestamp":"2013-02-27T07:59:16.432Z"}
{"meta":"/favicon.ico","level":"debug","message":" <-- ","timestamp":"2013-02-27T07:59:16.434Z"}
{"meta":"/shared/requirejs/config.js","level":"debug","message":" <-- ","timestamp":"2013-02-27T07:59:16.439Z"}
{"meta":"/shared/helpers/extensions.js","level":"debug","message":" <-- ","timestamp":"2013-02-27T07:59:16.444Z"}
{"meta":"/scripts/jquery-1.9.1.min.js","level":"debug","message":" <-- ","timestamp":"2013-02-27T07:59:16.450Z"}
{"meta":"/scripts/underscore.min.js","level":"debug","message":" <-- ","timestamp":"2013-02-27T07:59:16.451Z"}
{"meta":"/scripts/angular.min.js","level":"debug","message":" <-- ","timestamp":"2013-02-27T07:59:16.452Z"}
{"meta":"/portal/app.factory.js","level":"debug","message":" <-- ","timestamp":"2013-02-27T07:59:16.532Z"}
{"meta":"/core/directives/layout.js","level":"debug","message":" <-- ","timestamp":"2013-02-27T07:59:16.539Z"}
{"meta":"/core/directives/requireCss.js","level":"debug","message":" <-- ","timestamp":"2013-02-27T07:59:16.540Z"}
{"meta":"/core/directives/placeholder.js","level":"debug","message":" <-- ","timestamp":"2013-02-27T07:59:16.542Z"}
{"meta":"/core/services/coreService.js","level":"debug","message":" <-- ","timestamp":"2013-02-27T07:59:16.545Z"}
{"meta":"/portal/controllers/AppController.js","level":"debug","message":" <-- ","timestamp":"2013-02-27T07:59:16.546Z"}
{"meta":"/portal/widgets/navigation/directive.js","level":"debug","message":" <-- ","timestamp":"2013-02-27T07:59:16.547Z"}
{"meta":"/portal/widgets/text/directive.js","level":"debug","message":" <-- ","timestamp":"2013-02-27T07:59:16.552Z"}
{"meta":"/admin/widgets/editorPane/directive.js","level":"debug","message":" <-- ","timestamp":"2013-02-27T07:59:16.555Z"}
{"meta":"/shared/requirejs/plugins/module.js","level":"debug","message":" <-- ","timestamp":"2013-02-27T07:59:16.635Z"}
{"meta":"/admin/widgets/editorPane/template.html","level":"debug","message":" <-- ","timestamp":"2013-02-27T07:59:16.730Z"}
{"meta":"/content/less/bootstrap.less","level":"debug","message":" <-- ","timestamp":"2013-02-27T07:59:16.739Z"}
{"meta":"/content/styles/main.less","level":"debug","message":" <-- ","timestamp":"2013-02-27T07:59:16.740Z"}
{"meta":"/$page/","level":"debug","message":" <-- ","timestamp":"2013-02-27T07:59:16.758Z"}
{"meta":"/$layout/MainLayout","level":"debug","message":" <-- ","timestamp":"2013-02-27T07:59:17.237Z"}
{"meta":"/content/less/images/glyphicons-halflings.png","level":"debug","message":" <-- ","timestamp":"2013-02-27T07:59:17.253Z"}
{"meta":"/content/styles/main.layout.less","level":"debug","message":" <-- ","timestamp":"2013-02-27T07:59:17.258Z"}
{"meta":"/portal/widgets/navigation/template.html","level":"debug","message":" <-- ","timestamp":"2013-02-27T07:59:17.265Z"}
{"meta":"/portal/widgets/text/template.html","level":"debug","message":" <-- ","timestamp":"2013-02-27T07:59:17.274Z"}
{"meta":"/$menu","level":"debug","message":" <-- ","timestamp":"2013-02-27T07:59:17.301Z"}
{"meta":"/","level":"debug","message":" <-- ","timestamp":"2013-02-27T08:00:22.401Z"}
{"meta":"/scripts/require.js","level":"debug","message":" <-- ","timestamp":"2013-02-27T08:00:22.440Z"}
{"meta":"/favicon.ico","level":"debug","message":" <-- ","timestamp":"2013-02-27T08:00:22.521Z"}
{"meta":"/portal/app.js","level":"debug","message":" <-- ","timestamp":"2013-02-27T08:00:22.524Z"}
{"meta":"/shared/requirejs/config.js","level":"debug","message":" <-- ","timestamp":"2013-02-27T08:00:22.533Z"}
{"meta":"/shared/helpers/extensions.js","level":"debug","message":" <-- ","timestamp":"2013-02-27T08:00:22.539Z"}
{"meta":"/scripts/jquery-1.9.1.min.js","level":"debug","message":" <-- ","timestamp":"2013-02-27T08:00:22.544Z"}
{"meta":"/scripts/underscore.min.js","level":"debug","message":" <-- ","timestamp":"2013-02-27T08:00:22.546Z"}
{"meta":"/scripts/angular.min.js","level":"debug","message":" <-- ","timestamp":"2013-02-27T08:00:22.547Z"}
{"meta":"/portal/app.factory.js","level":"debug","message":" <-- ","timestamp":"2013-02-27T08:00:22.630Z"}
{"meta":"/core/directives/layout.js","level":"debug","message":" <-- ","timestamp":"2013-02-27T08:00:22.636Z"}
{"meta":"/core/directives/requireCss.js","level":"debug","message":" <-- ","timestamp":"2013-02-27T08:00:22.639Z"}
{"meta":"/core/directives/placeholder.js","level":"debug","message":" <-- ","timestamp":"2013-02-27T08:00:22.640Z"}
{"meta":"/core/services/coreService.js","level":"debug","message":" <-- ","timestamp":"2013-02-27T08:00:22.641Z"}
{"meta":"/portal/controllers/AppController.js","level":"debug","message":" <-- ","timestamp":"2013-02-27T08:00:22.642Z"}
{"meta":"/portal/widgets/navigation/directive.js","level":"debug","message":" <-- ","timestamp":"2013-02-27T08:00:22.645Z"}
{"meta":"/portal/widgets/text/directive.js","level":"debug","message":" <-- ","timestamp":"2013-02-27T08:00:22.649Z"}
{"meta":"/admin/widgets/editorPane/directive.js","level":"debug","message":" <-- ","timestamp":"2013-02-27T08:00:22.651Z"}
{"meta":"/shared/requirejs/plugins/module.js","level":"debug","message":" <-- ","timestamp":"2013-02-27T08:00:22.663Z"}
{"meta":"/admin/widgets/editorPane/template.html","level":"debug","message":" <-- ","timestamp":"2013-02-27T08:00:22.720Z"}
{"meta":"/content/less/bootstrap.less","level":"debug","message":" <-- ","timestamp":"2013-02-27T08:00:22.738Z"}
{"meta":"/content/styles/main.less","level":"debug","message":" <-- ","timestamp":"2013-02-27T08:00:22.739Z"}
{"meta":"/$page/","level":"debug","message":" <-- ","timestamp":"2013-02-27T08:00:22.740Z"}
{"meta":"/$layout/MainLayout","level":"debug","message":" <-- ","timestamp":"2013-02-27T08:00:23.250Z"}
{"meta":"/content/less/images/glyphicons-halflings.png","level":"debug","message":" <-- ","timestamp":"2013-02-27T08:00:23.265Z"}
{"meta":"/content/styles/main.layout.less","level":"debug","message":" <-- ","timestamp":"2013-02-27T08:00:23.270Z"}
{"meta":"/portal/widgets/navigation/template.html","level":"debug","message":" <-- ","timestamp":"2013-02-27T08:00:23.276Z"}
{"meta":"/portal/widgets/text/template.html","level":"debug","message":" <-- ","timestamp":"2013-02-27T08:00:23.279Z"}
{"meta":"/$menu","level":"debug","message":" <-- ","timestamp":"2013-02-27T08:00:23.298Z"}
{"meta":"/","level":"debug","message":" <-- ","timestamp":"2013-02-27T08:02:20.070Z"}
{"meta":"/scripts/require.js","level":"debug","message":" <-- ","timestamp":"2013-02-27T08:02:20.096Z"}
{"meta":"/favicon.ico","level":"debug","message":" <-- ","timestamp":"2013-02-27T08:02:20.178Z"}
{"meta":"/portal/app.js","level":"debug","message":" <-- ","timestamp":"2013-02-27T08:02:20.183Z"}
{"meta":"/shared/requirejs/config.js","level":"debug","message":" <-- ","timestamp":"2013-02-27T08:02:20.188Z"}
{"meta":"/shared/helpers/extensions.js","level":"debug","message":" <-- ","timestamp":"2013-02-27T08:02:20.195Z"}
{"meta":"/scripts/jquery-1.9.1.min.js","level":"debug","message":" <-- ","timestamp":"2013-02-27T08:02:20.199Z"}
{"meta":"/scripts/underscore.min.js","level":"debug","message":" <-- ","timestamp":"2013-02-27T08:02:20.202Z"}
{"meta":"/scripts/angular.min.js","level":"debug","message":" <-- ","timestamp":"2013-02-27T08:02:20.203Z"}
{"meta":"/portal/app.factory.js","level":"debug","message":" <-- ","timestamp":"2013-02-27T08:02:20.300Z"}
{"meta":"/core/directives/layout.js","level":"debug","message":" <-- ","timestamp":"2013-02-27T08:02:20.306Z"}
{"meta":"/core/directives/requireCss.js","level":"debug","message":" <-- ","timestamp":"2013-02-27T08:02:20.308Z"}
{"meta":"/core/directives/placeholder.js","level":"debug","message":" <-- ","timestamp":"2013-02-27T08:02:20.310Z"}
{"meta":"/core/services/coreService.js","level":"debug","message":" <-- ","timestamp":"2013-02-27T08:02:20.311Z"}
{"meta":"/portal/controllers/AppController.js","level":"debug","message":" <-- ","timestamp":"2013-02-27T08:02:20.312Z"}
{"meta":"/portal/widgets/navigation/directive.js","level":"debug","message":" <-- ","timestamp":"2013-02-27T08:02:20.315Z"}
{"meta":"/portal/widgets/text/directive.js","level":"debug","message":" <-- ","timestamp":"2013-02-27T08:02:20.321Z"}
{"meta":"/admin/widgets/editorPane/directive.js","level":"debug","message":" <-- ","timestamp":"2013-02-27T08:02:20.322Z"}
{"meta":"/shared/requirejs/plugins/module.js","level":"debug","message":" <-- ","timestamp":"2013-02-27T08:02:20.378Z"}
{"meta":"/admin/widgets/editorPane/template.html","level":"debug","message":" <-- ","timestamp":"2013-02-27T08:02:20.403Z"}
{"meta":"/content/less/bootstrap.less","level":"debug","message":" <-- ","timestamp":"2013-02-27T08:02:20.411Z"}
{"meta":"/content/styles/main.less","level":"debug","message":" <-- ","timestamp":"2013-02-27T08:02:20.412Z"}
{"meta":"/$page/","level":"debug","message":" <-- ","timestamp":"2013-02-27T08:02:20.429Z"}
{"meta":"/$layout/MainLayout","level":"debug","message":" <-- ","timestamp":"2013-02-27T08:02:20.667Z"}
{"meta":"/content/less/images/glyphicons-halflings.png","level":"debug","message":" <-- ","timestamp":"2013-02-27T08:02:20.927Z"}
{"meta":"/content/styles/main.layout.less","level":"debug","message":" <-- ","timestamp":"2013-02-27T08:02:20.931Z"}
{"meta":"/portal/widgets/navigation/template.html","level":"debug","message":" <-- ","timestamp":"2013-02-27T08:02:20.938Z"}
{"meta":"/portal/widgets/text/template.html","level":"debug","message":" <-- ","timestamp":"2013-02-27T08:02:20.940Z"}
{"meta":"/$menu","level":"debug","message":" <-- ","timestamp":"2013-02-27T08:02:20.959Z"}
{"level":"info","message":"Server running at http://localhost:10000","timestamp":"2013-02-27T08:03:12.329Z"}
{"meta":"/","level":"silly","message":" <-- ","timestamp":"2013-02-27T08:03:17.364Z"}
{"meta":"/scripts/require.js","level":"silly","message":" <-- ","timestamp":"2013-02-27T08:03:17.395Z"}
{"meta":"/favicon.ico","level":"silly","message":" <-- ","timestamp":"2013-02-27T08:03:17.459Z"}
{"meta":"/portal/app.js","level":"silly","message":" <-- ","timestamp":"2013-02-27T08:03:17.464Z"}
{"meta":"/shared/requirejs/config.js","level":"silly","message":" <-- ","timestamp":"2013-02-27T08:03:17.471Z"}
{"meta":"/shared/helpers/extensions.js","level":"silly","message":" <-- ","timestamp":"2013-02-27T08:03:17.477Z"}
{"meta":"/scripts/jquery-1.9.1.min.js","level":"silly","message":" <-- ","timestamp":"2013-02-27T08:03:17.482Z"}
{"meta":"/scripts/underscore.min.js","level":"silly","message":" <-- ","timestamp":"2013-02-27T08:03:17.485Z"}
{"meta":"/scripts/angular.min.js","level":"silly","message":" <-- ","timestamp":"2013-02-27T08:03:17.486Z"}
{"meta":"/portal/app.factory.js","level":"silly","message":" <-- ","timestamp":"2013-02-27T08:03:17.591Z"}
{"meta":"/core/directives/layout.js","level":"silly","message":" <-- ","timestamp":"2013-02-27T08:03:17.596Z"}
{"meta":"/core/directives/requireCss.js","level":"silly","message":" <-- ","timestamp":"2013-02-27T08:03:17.597Z"}
{"meta":"/core/directives/placeholder.js","level":"silly","message":" <-- ","timestamp":"2013-02-27T08:03:17.597Z"}
{"meta":"/core/services/coreService.js","level":"silly","message":" <-- ","timestamp":"2013-02-27T08:03:17.598Z"}
{"meta":"/portal/controllers/AppController.js","level":"silly","message":" <-- ","timestamp":"2013-02-27T08:03:17.599Z"}
{"meta":"/portal/widgets/navigation/directive.js","level":"silly","message":" <-- ","timestamp":"2013-02-27T08:03:17.601Z"}
{"meta":"/portal/widgets/text/directive.js","level":"silly","message":" <-- ","timestamp":"2013-02-27T08:03:17.606Z"}
{"meta":"/admin/widgets/editorPane/directive.js","level":"silly","message":" <-- ","timestamp":"2013-02-27T08:03:17.606Z"}
{"meta":"/shared/requirejs/plugins/module.js","level":"silly","message":" <-- ","timestamp":"2013-02-27T08:03:17.610Z"}
{"meta":"/admin/widgets/editorPane/template.html","level":"silly","message":" <-- ","timestamp":"2013-02-27T08:03:17.704Z"}
{"meta":"/content/less/bootstrap.less","level":"silly","message":" <-- ","timestamp":"2013-02-27T08:03:17.732Z"}
{"meta":"/content/styles/main.less","level":"silly","message":" <-- ","timestamp":"2013-02-27T08:03:17.734Z"}
{"meta":"/$page/","level":"silly","message":" <-- ","timestamp":"2013-02-27T08:03:17.735Z"}
{"meta":"/$layout/MainLayout","level":"silly","message":" <-- ","timestamp":"2013-02-27T08:03:17.776Z"}
{"meta":"/content/less/images/glyphicons-halflings.png","level":"silly","message":" <-- ","timestamp":"2013-02-27T08:03:18.273Z"}
{"meta":"/content/styles/main.layout.less","level":"silly","message":" <-- ","timestamp":"2013-02-27T08:03:18.277Z"}
{"meta":"/portal/widgets/navigation/template.html","level":"silly","message":" <-- ","timestamp":"2013-02-27T08:03:18.284Z"}
{"meta":"/portal/widgets/text/template.html","level":"silly","message":" <-- ","timestamp":"2013-02-27T08:03:18.285Z"}
{"meta":"/$menu","level":"silly","message":" <-- ","timestamp":"2013-02-27T08:03:18.306Z"}
{"level":"info","message":"Server running at http://localhost:10000","timestamp":"2013-02-27T08:03:52.962Z"}
{"level":"info","message":"Server running at http://localhost:10000","timestamp":"2013-02-27T08:04:23.031Z"}
{"level":"info","message":"Server running at http://localhost:10000","timestamp":"2013-02-27T08:04:34.983Z"}
{"level":"info","message":"Server running at http://localhost:10000","timestamp":"2013-02-27T08:05:02.025Z"}
{"level":"info","message":"Server running at http://localhost:10000","timestamp":"2013-02-27T08:05:13.498Z"}
{"level":"info","message":"Server running at http://localhost:10000","timestamp":"2013-02-27T08:05:20.301Z"}
{"level":"info","message":"Server running at http://localhost:10000","timestamp":"2013-02-27T08:06:04.735Z"}
{"level":"info","message":"Server running at http://localhost:10000","timestamp":"2013-02-27T08:06:19.729Z"}
{"meta":"/","level":"silly","message":" <-- ","timestamp":"2013-02-27T08:06:22.251Z"}
{"meta":"../cement/index.html","level":"silly","message":" --> file:","timestamp":"2013-02-27T08:06:22.252Z"}
{"meta":"/scripts/require.js","level":"silly","message":" <-- ","timestamp":"2013-02-27T08:06:22.267Z"}
{"meta":"../cement/scripts/require.js","level":"silly","message":" --> file:","timestamp":"2013-02-27T08:06:22.267Z"}
{"meta":"/favicon.ico","level":"silly","message":" <-- ","timestamp":"2013-02-27T08:06:22.326Z"}
{"meta":"../cement/index.html","level":"silly","message":" --> file:","timestamp":"2013-02-27T08:06:22.326Z"}
{"meta":"/portal/app.js","level":"silly","message":" <-- ","timestamp":"2013-02-27T08:06:22.331Z"}
{"meta":"../cement/portal/app.js","level":"silly","message":" --> file:","timestamp":"2013-02-27T08:06:22.332Z"}
{"meta":"/shared/requirejs/config.js","level":"silly","message":" <-- ","timestamp":"2013-02-27T08:06:22.358Z"}
{"meta":"../cement/shared/requirejs/config.js","level":"silly","message":" --> file:","timestamp":"2013-02-27T08:06:22.358Z"}
{"meta":"/shared/helpers/extensions.js","level":"silly","message":" <-- ","timestamp":"2013-02-27T08:06:22.368Z"}
{"meta":"../cement/shared/helpers/extensions.js","level":"silly","message":" --> file:","timestamp":"2013-02-27T08:06:22.368Z"}
{"meta":"/scripts/jquery-1.9.1.min.js","level":"silly","message":" <-- ","timestamp":"2013-02-27T08:06:22.378Z"}
{"meta":"../cement/scripts/jquery-1.9.1.min.js","level":"silly","message":" --> file:","timestamp":"2013-02-27T08:06:22.378Z"}
{"meta":"/scripts/underscore.min.js","level":"silly","message":" <-- ","timestamp":"2013-02-27T08:06:22.415Z"}
{"meta":"../cement/scripts/underscore.min.js","level":"silly","message":" --> file:","timestamp":"2013-02-27T08:06:22.415Z"}
{"meta":"/scripts/angular.min.js","level":"silly","message":" <-- ","timestamp":"2013-02-27T08:06:22.455Z"}
{"meta":"../cement/scripts/angular.min.js","level":"silly","message":" --> file:","timestamp":"2013-02-27T08:06:22.457Z"}
{"meta":"/portal/app.factory.js","level":"silly","message":" <-- ","timestamp":"2013-02-27T08:06:22.539Z"}
{"meta":"../cement/portal/app.factory.js","level":"silly","message":" --> file:","timestamp":"2013-02-27T08:06:22.541Z"}
{"meta":"/core/directives/layout.js","level":"silly","message":" <-- ","timestamp":"2013-02-27T08:06:22.564Z"}
{"meta":"../cement/core/directives/layout.js","level":"silly","message":" --> file:","timestamp":"2013-02-27T08:06:22.564Z"}
{"meta":"/core/directives/requireCss.js","level":"silly","message":" <-- ","timestamp":"2013-02-27T08:06:22.567Z"}
{"meta":"../cement/core/directives/requireCss.js","level":"silly","message":" --> file:","timestamp":"2013-02-27T08:06:22.567Z"}
{"meta":"/core/directives/placeholder.js","level":"silly","message":" <-- ","timestamp":"2013-02-27T08:06:22.573Z"}
{"meta":"../cement/core/directives/placeholder.js","level":"silly","message":" --> file:","timestamp":"2013-02-27T08:06:22.574Z"}
{"meta":"/core/services/coreService.js","level":"silly","message":" <-- ","timestamp":"2013-02-27T08:06:22.575Z"}
{"meta":"../cement/core/services/coreService.js","level":"silly","message":" --> file:","timestamp":"2013-02-27T08:06:22.575Z"}
{"meta":"/portal/controllers/AppController.js","level":"silly","message":" <-- ","timestamp":"2013-02-27T08:06:22.583Z"}
{"meta":"../cement/portal/controllers/AppController.js","level":"silly","message":" --> file:","timestamp":"2013-02-27T08:06:22.584Z"}
{"meta":"/portal/widgets/navigation/directive.js","level":"silly","message":" <-- ","timestamp":"2013-02-27T08:06:22.586Z"}
{"meta":"../cement/portal/widgets/navigation/directive.js","level":"silly","message":" --> file:","timestamp":"2013-02-27T08:06:22.587Z"}
{"meta":"/portal/widgets/text/directive.js","level":"silly","message":" <-- ","timestamp":"2013-02-27T08:06:22.605Z"}
{"meta":"../cement/portal/widgets/text/directive.js","level":"silly","message":" --> file:","timestamp":"2013-02-27T08:06:22.605Z"}
{"meta":"/admin/widgets/editorPane/directive.js","level":"silly","message":" <-- ","timestamp":"2013-02-27T08:06:22.606Z"}
{"meta":"../cement/admin/widgets/editorPane/directive.js","level":"silly","message":" --> file:","timestamp":"2013-02-27T08:06:22.607Z"}
{"meta":"/shared/requirejs/plugins/module.js","level":"silly","message":" <-- ","timestamp":"2013-02-27T08:06:22.612Z"}
{"meta":"../cement/shared/requirejs/plugins/module.js","level":"silly","message":" --> file:","timestamp":"2013-02-27T08:06:22.613Z"}
{"meta":"/admin/widgets/editorPane/template.html","level":"silly","message":" <-- ","timestamp":"2013-02-27T08:06:22.681Z"}
{"meta":"../cement/admin/widgets/editorPane/template.html","level":"silly","message":" --> file:","timestamp":"2013-02-27T08:06:22.682Z"}
{"meta":"/content/less/bootstrap.less","level":"silly","message":" <-- ","timestamp":"2013-02-27T08:06:22.683Z"}
{"meta":"../cement/content/less/bootstrap.less","level":"silly","message":" --> file:","timestamp":"2013-02-27T08:06:22.683Z"}
{"meta":"/content/styles/main.less","level":"silly","message":" <-- ","timestamp":"2013-02-27T08:06:22.684Z"}
{"meta":"../cement/content/styles/main.less","level":"silly","message":" --> file:","timestamp":"2013-02-27T08:06:22.685Z"}
{"meta":"/$page/","level":"silly","message":" <-- ","timestamp":"2013-02-27T08:06:22.686Z"}
{"meta":"{\"_id\":\"/\",\"parentId\":null,\"title\":\"home\",\"layout\":\"MainLayout\",\"placeholders\":{\"top\":[{\"directive\":\"navigation\"}],\"left\":[{\"directive\":\"text\",\"settings\":{\"title\":\"Lorem ipsum\",\"content\":\"Lorem ipsum dolor sit amet, consectetur adipiscing elit.\"}}],\"content\":[{\"directive\":\"text\",\"settings\":{\"title\":\"Module 1\",\"content\":\"<b>Phasellus</b> odio felis, tempus eget rhoncus quis, placerat sed purus. Nulla metus leo, cursus nec auctor quis, volutpat nec urna.\"}},{\"directive\":\"text\",\"settings\":{\"title\":\"Module 2\",\"content\":\"Aenean viverra ultricies sapien nec porttitor.\"}}]}}","level":"silly","message":" --> json:","timestamp":"2013-02-27T08:06:22.686Z"}
{"meta":"/$layout/MainLayout","level":"silly","message":" <-- ","timestamp":"2013-02-27T08:06:22.713Z"}
{"meta":"../cement/portal/layouts/MainLayout.html","level":"silly","message":" --> file:","timestamp":"2013-02-27T08:06:22.713Z"}
{"meta":"/content/styles/main.layout.less","level":"silly","message":" <-- ","timestamp":"2013-02-27T08:06:23.253Z"}
{"meta":"../cement/content/styles/main.layout.less","level":"silly","message":" --> file:","timestamp":"2013-02-27T08:06:23.257Z"}
{"meta":"/portal/widgets/navigation/template.html","level":"silly","message":" <-- ","timestamp":"2013-02-27T08:06:23.259Z"}
{"meta":"../cement/portal/widgets/navigation/template.html","level":"silly","message":" --> file:","timestamp":"2013-02-27T08:06:23.259Z"}
{"meta":"/portal/widgets/text/template.html","level":"silly","message":" <-- ","timestamp":"2013-02-27T08:06:23.261Z"}
{"meta":"../cement/portal/widgets/text/template.html","level":"silly","message":" --> file:","timestamp":"2013-02-27T08:06:23.265Z"}
{"meta":"/$menu","level":"silly","message":" <-- ","timestamp":"2013-02-27T08:06:23.287Z"}
{"meta":"{\"childPages\":[{\"href\":\"/\",\"title\":\"home\"},{\"href\":\"/about\",\"title\":\"about\"},{\"href\":\"/contact-us\",\"title\":\"contact-us\"}]}","level":"silly","message":" --> json:","timestamp":"2013-02-27T08:06:23.287Z"}
{"meta":"/content/less/images/glyphicons-halflings.png","level":"silly","message":" <-- ","timestamp":"2013-02-27T08:06:23.288Z"}
{"meta":"../cement/content/less/images/glyphicons-halflings.png","level":"silly","message":" --> file:","timestamp":"2013-02-27T08:06:23.288Z"}
